ARM GAS  C:\Users\Dennis\AppData\Local\Temp\cconDSTZ.s 			page 1


   1              		.cpu cortex-m3
   2              		.arch armv7-m
   3              		.fpu softvfp
   4              		.eabi_attribute 20, 1
   5              		.eabi_attribute 21, 1
   6              		.eabi_attribute 23, 3
   7              		.eabi_attribute 24, 1
   8              		.eabi_attribute 25, 1
   9              		.eabi_attribute 26, 1
  10              		.eabi_attribute 30, 1
  11              		.eabi_attribute 34, 1
  12              		.eabi_attribute 18, 4
  13              		.file	"usart.c"
  14              		.text
  15              	.Ltext0:
  16              		.cfi_sections	.debug_frame
  17              		.section	.text.MX_USART1_UART_Init,"ax",%progbits
  18              		.align	1
  19              		.global	MX_USART1_UART_Init
  20              		.syntax unified
  21              		.thumb
  22              		.thumb_func
  24              	MX_USART1_UART_Init:
  25              	.LFB65:
  26              		.file 1 "Core/Src/usart.c"
   1:Core/Src/usart.c **** /* USER CODE BEGIN Header */
   2:Core/Src/usart.c **** /**
   3:Core/Src/usart.c ****   ******************************************************************************
   4:Core/Src/usart.c ****   * @file    usart.c
   5:Core/Src/usart.c ****   * @brief   This file provides code for the configuration
   6:Core/Src/usart.c ****   *          of the USART instances.
   7:Core/Src/usart.c ****   ******************************************************************************
   8:Core/Src/usart.c ****   * @attention
   9:Core/Src/usart.c ****   *
  10:Core/Src/usart.c ****   * Copyright (c) 2025 STMicroelectronics.
  11:Core/Src/usart.c ****   * All rights reserved.
  12:Core/Src/usart.c ****   *
  13:Core/Src/usart.c ****   * This software is licensed under terms that can be found in the LICENSE file
  14:Core/Src/usart.c ****   * in the root directory of this software component.
  15:Core/Src/usart.c ****   * If no LICENSE file comes with this software, it is provided AS-IS.
  16:Core/Src/usart.c ****   *
  17:Core/Src/usart.c ****   ******************************************************************************
  18:Core/Src/usart.c ****   */
  19:Core/Src/usart.c **** /* USER CODE END Header */
  20:Core/Src/usart.c **** /* Includes ------------------------------------------------------------------*/
  21:Core/Src/usart.c **** #include "usart.h"
  22:Core/Src/usart.c **** 
  23:Core/Src/usart.c **** /* USER CODE BEGIN 0 */
  24:Core/Src/usart.c **** 
  25:Core/Src/usart.c **** /* USER CODE END 0 */
  26:Core/Src/usart.c **** 
  27:Core/Src/usart.c **** UART_HandleTypeDef huart1;
  28:Core/Src/usart.c **** DMA_HandleTypeDef hdma_usart1_rx;
  29:Core/Src/usart.c **** 
  30:Core/Src/usart.c **** /* USART1 init function */
  31:Core/Src/usart.c **** 
  32:Core/Src/usart.c **** void MX_USART1_UART_Init(void)
ARM GAS  C:\Users\Dennis\AppData\Local\Temp\cconDSTZ.s 			page 2


  33:Core/Src/usart.c **** {
  27              		.loc 1 33 1 view -0
  28              		.cfi_startproc
  29              		@ args = 0, pretend = 0, frame = 0
  30              		@ frame_needed = 0, uses_anonymous_args = 0
  31 0000 08B5     		push	{r3, lr}
  32              	.LCFI0:
  33              		.cfi_def_cfa_offset 8
  34              		.cfi_offset 3, -8
  35              		.cfi_offset 14, -4
  34:Core/Src/usart.c **** 
  35:Core/Src/usart.c ****   /* USER CODE BEGIN USART1_Init 0 */
  36:Core/Src/usart.c **** 
  37:Core/Src/usart.c ****   /* USER CODE END USART1_Init 0 */
  38:Core/Src/usart.c **** 
  39:Core/Src/usart.c ****   /* USER CODE BEGIN USART1_Init 1 */
  40:Core/Src/usart.c **** 
  41:Core/Src/usart.c ****   /* USER CODE END USART1_Init 1 */
  42:Core/Src/usart.c ****   huart1.Instance = USART1;
  36              		.loc 1 42 3 view .LVU1
  37              		.loc 1 42 19 is_stmt 0 view .LVU2
  38 0002 0A48     		ldr	r0, .L5
  39 0004 0A4B     		ldr	r3, .L5+4
  40 0006 0360     		str	r3, [r0]
  43:Core/Src/usart.c ****   huart1.Init.BaudRate = 115200;
  41              		.loc 1 43 3 is_stmt 1 view .LVU3
  42              		.loc 1 43 24 is_stmt 0 view .LVU4
  43 0008 4FF4E133 		mov	r3, #115200
  44 000c 4360     		str	r3, [r0, #4]
  44:Core/Src/usart.c ****   huart1.Init.WordLength = UART_WORDLENGTH_8B;
  45              		.loc 1 44 3 is_stmt 1 view .LVU5
  46              		.loc 1 44 26 is_stmt 0 view .LVU6
  47 000e 0023     		movs	r3, #0
  48 0010 8360     		str	r3, [r0, #8]
  45:Core/Src/usart.c ****   huart1.Init.StopBits = UART_STOPBITS_1;
  49              		.loc 1 45 3 is_stmt 1 view .LVU7
  50              		.loc 1 45 24 is_stmt 0 view .LVU8
  51 0012 C360     		str	r3, [r0, #12]
  46:Core/Src/usart.c ****   huart1.Init.Parity = UART_PARITY_NONE;
  52              		.loc 1 46 3 is_stmt 1 view .LVU9
  53              		.loc 1 46 22 is_stmt 0 view .LVU10
  54 0014 0361     		str	r3, [r0, #16]
  47:Core/Src/usart.c ****   huart1.Init.Mode = UART_MODE_TX_RX;
  55              		.loc 1 47 3 is_stmt 1 view .LVU11
  56              		.loc 1 47 20 is_stmt 0 view .LVU12
  57 0016 0C22     		movs	r2, #12
  58 0018 4261     		str	r2, [r0, #20]
  48:Core/Src/usart.c ****   huart1.Init.HwFlowCtl = UART_HWCONTROL_NONE;
  59              		.loc 1 48 3 is_stmt 1 view .LVU13
  60              		.loc 1 48 25 is_stmt 0 view .LVU14
  61 001a 8361     		str	r3, [r0, #24]
  49:Core/Src/usart.c ****   huart1.Init.OverSampling = UART_OVERSAMPLING_16;
  62              		.loc 1 49 3 is_stmt 1 view .LVU15
  63              		.loc 1 49 28 is_stmt 0 view .LVU16
  64 001c C361     		str	r3, [r0, #28]
  50:Core/Src/usart.c ****   if (HAL_UART_Init(&huart1) != HAL_OK)
  65              		.loc 1 50 3 is_stmt 1 view .LVU17
ARM GAS  C:\Users\Dennis\AppData\Local\Temp\cconDSTZ.s 			page 3


  66              		.loc 1 50 7 is_stmt 0 view .LVU18
  67 001e FFF7FEFF 		bl	HAL_UART_Init
  68              	.LVL0:
  69              		.loc 1 50 6 view .LVU19
  70 0022 00B9     		cbnz	r0, .L4
  71              	.L1:
  51:Core/Src/usart.c ****   {
  52:Core/Src/usart.c ****     Error_Handler();
  53:Core/Src/usart.c ****   }
  54:Core/Src/usart.c ****   /* USER CODE BEGIN USART1_Init 2 */
  55:Core/Src/usart.c **** 
  56:Core/Src/usart.c ****   /* USER CODE END USART1_Init 2 */
  57:Core/Src/usart.c **** 
  58:Core/Src/usart.c **** }
  72              		.loc 1 58 1 view .LVU20
  73 0024 08BD     		pop	{r3, pc}
  74              	.L4:
  52:Core/Src/usart.c ****   }
  75              		.loc 1 52 5 is_stmt 1 view .LVU21
  76 0026 FFF7FEFF 		bl	Error_Handler
  77              	.LVL1:
  78              		.loc 1 58 1 is_stmt 0 view .LVU22
  79 002a FBE7     		b	.L1
  80              	.L6:
  81              		.align	2
  82              	.L5:
  83 002c 00000000 		.word	.LANCHOR0
  84 0030 00380140 		.word	1073821696
  85              		.cfi_endproc
  86              	.LFE65:
  88              		.section	.text.HAL_UART_MspInit,"ax",%progbits
  89              		.align	1
  90              		.global	HAL_UART_MspInit
  91              		.syntax unified
  92              		.thumb
  93              		.thumb_func
  95              	HAL_UART_MspInit:
  96              	.LVL2:
  97              	.LFB66:
  59:Core/Src/usart.c **** 
  60:Core/Src/usart.c **** void HAL_UART_MspInit(UART_HandleTypeDef* uartHandle)
  61:Core/Src/usart.c **** {
  98              		.loc 1 61 1 is_stmt 1 view -0
  99              		.cfi_startproc
 100              		@ args = 0, pretend = 0, frame = 24
 101              		@ frame_needed = 0, uses_anonymous_args = 0
 102              		.loc 1 61 1 is_stmt 0 view .LVU24
 103 0000 F0B5     		push	{r4, r5, r6, r7, lr}
 104              	.LCFI1:
 105              		.cfi_def_cfa_offset 20
 106              		.cfi_offset 4, -20
 107              		.cfi_offset 5, -16
 108              		.cfi_offset 6, -12
 109              		.cfi_offset 7, -8
 110              		.cfi_offset 14, -4
 111 0002 87B0     		sub	sp, sp, #28
 112              	.LCFI2:
ARM GAS  C:\Users\Dennis\AppData\Local\Temp\cconDSTZ.s 			page 4


 113              		.cfi_def_cfa_offset 48
  62:Core/Src/usart.c **** 
  63:Core/Src/usart.c ****   GPIO_InitTypeDef GPIO_InitStruct = {0};
 114              		.loc 1 63 3 is_stmt 1 view .LVU25
 115              		.loc 1 63 20 is_stmt 0 view .LVU26
 116 0004 0023     		movs	r3, #0
 117 0006 0293     		str	r3, [sp, #8]
 118 0008 0393     		str	r3, [sp, #12]
 119 000a 0493     		str	r3, [sp, #16]
 120 000c 0593     		str	r3, [sp, #20]
  64:Core/Src/usart.c ****   if(uartHandle->Instance==USART1)
 121              		.loc 1 64 3 is_stmt 1 view .LVU27
 122              		.loc 1 64 16 is_stmt 0 view .LVU28
 123 000e 0268     		ldr	r2, [r0]
 124              		.loc 1 64 5 view .LVU29
 125 0010 284B     		ldr	r3, .L13
 126 0012 9A42     		cmp	r2, r3
 127 0014 01D0     		beq	.L11
 128              	.LVL3:
 129              	.L7:
  65:Core/Src/usart.c ****   {
  66:Core/Src/usart.c ****   /* USER CODE BEGIN USART1_MspInit 0 */
  67:Core/Src/usart.c **** 
  68:Core/Src/usart.c ****   /* USER CODE END USART1_MspInit 0 */
  69:Core/Src/usart.c ****     /* USART1 clock enable */
  70:Core/Src/usart.c ****     __HAL_RCC_USART1_CLK_ENABLE();
  71:Core/Src/usart.c **** 
  72:Core/Src/usart.c ****     __HAL_RCC_GPIOB_CLK_ENABLE();
  73:Core/Src/usart.c ****     /**USART1 GPIO Configuration
  74:Core/Src/usart.c ****     PB6     ------> USART1_TX
  75:Core/Src/usart.c ****     PB7     ------> USART1_RX
  76:Core/Src/usart.c ****     */
  77:Core/Src/usart.c ****     GPIO_InitStruct.Pin = GPIO_PIN_6;
  78:Core/Src/usart.c ****     GPIO_InitStruct.Mode = GPIO_MODE_AF_PP;
  79:Core/Src/usart.c ****     GPIO_InitStruct.Speed = GPIO_SPEED_FREQ_HIGH;
  80:Core/Src/usart.c ****     HAL_GPIO_Init(GPIOB, &GPIO_InitStruct);
  81:Core/Src/usart.c **** 
  82:Core/Src/usart.c ****     GPIO_InitStruct.Pin = GPIO_PIN_7;
  83:Core/Src/usart.c ****     GPIO_InitStruct.Mode = GPIO_MODE_INPUT;
  84:Core/Src/usart.c ****     GPIO_InitStruct.Pull = GPIO_NOPULL;
  85:Core/Src/usart.c ****     HAL_GPIO_Init(GPIOB, &GPIO_InitStruct);
  86:Core/Src/usart.c **** 
  87:Core/Src/usart.c ****     __HAL_AFIO_REMAP_USART1_ENABLE();
  88:Core/Src/usart.c **** 
  89:Core/Src/usart.c ****     /* USART1 DMA Init */
  90:Core/Src/usart.c ****     /* USART1_RX Init */
  91:Core/Src/usart.c ****     hdma_usart1_rx.Instance = DMA1_Channel5;
  92:Core/Src/usart.c ****     hdma_usart1_rx.Init.Direction = DMA_PERIPH_TO_MEMORY;
  93:Core/Src/usart.c ****     hdma_usart1_rx.Init.PeriphInc = DMA_PINC_DISABLE;
  94:Core/Src/usart.c ****     hdma_usart1_rx.Init.MemInc = DMA_MINC_ENABLE;
  95:Core/Src/usart.c ****     hdma_usart1_rx.Init.PeriphDataAlignment = DMA_PDATAALIGN_BYTE;
  96:Core/Src/usart.c ****     hdma_usart1_rx.Init.MemDataAlignment = DMA_MDATAALIGN_BYTE;
  97:Core/Src/usart.c ****     hdma_usart1_rx.Init.Mode = DMA_NORMAL;
  98:Core/Src/usart.c ****     hdma_usart1_rx.Init.Priority = DMA_PRIORITY_LOW;
  99:Core/Src/usart.c ****     if (HAL_DMA_Init(&hdma_usart1_rx) != HAL_OK)
 100:Core/Src/usart.c ****     {
 101:Core/Src/usart.c ****       Error_Handler();
ARM GAS  C:\Users\Dennis\AppData\Local\Temp\cconDSTZ.s 			page 5


 102:Core/Src/usart.c ****     }
 103:Core/Src/usart.c **** 
 104:Core/Src/usart.c ****     __HAL_LINKDMA(uartHandle,hdmarx,hdma_usart1_rx);
 105:Core/Src/usart.c **** 
 106:Core/Src/usart.c ****     /* USART1 interrupt Init */
 107:Core/Src/usart.c ****     HAL_NVIC_SetPriority(USART1_IRQn, 0, 0);
 108:Core/Src/usart.c ****     HAL_NVIC_EnableIRQ(USART1_IRQn);
 109:Core/Src/usart.c ****   /* USER CODE BEGIN USART1_MspInit 1 */
 110:Core/Src/usart.c **** 
 111:Core/Src/usart.c ****   /* USER CODE END USART1_MspInit 1 */
 112:Core/Src/usart.c ****   }
 113:Core/Src/usart.c **** }
 130              		.loc 1 113 1 view .LVU30
 131 0016 07B0     		add	sp, sp, #28
 132              	.LCFI3:
 133              		.cfi_remember_state
 134              		.cfi_def_cfa_offset 20
 135              		@ sp needed
 136 0018 F0BD     		pop	{r4, r5, r6, r7, pc}
 137              	.LVL4:
 138              	.L11:
 139              	.LCFI4:
 140              		.cfi_restore_state
 141              		.loc 1 113 1 view .LVU31
 142 001a 0446     		mov	r4, r0
  70:Core/Src/usart.c **** 
 143              		.loc 1 70 5 is_stmt 1 view .LVU32
 144              	.LBB2:
  70:Core/Src/usart.c **** 
 145              		.loc 1 70 5 view .LVU33
  70:Core/Src/usart.c **** 
 146              		.loc 1 70 5 view .LVU34
 147 001c 03F55843 		add	r3, r3, #55296
 148 0020 9A69     		ldr	r2, [r3, #24]
 149 0022 42F48042 		orr	r2, r2, #16384
 150 0026 9A61     		str	r2, [r3, #24]
  70:Core/Src/usart.c **** 
 151              		.loc 1 70 5 view .LVU35
 152 0028 9A69     		ldr	r2, [r3, #24]
 153 002a 02F48042 		and	r2, r2, #16384
 154 002e 0092     		str	r2, [sp]
  70:Core/Src/usart.c **** 
 155              		.loc 1 70 5 view .LVU36
 156 0030 009A     		ldr	r2, [sp]
 157              	.LBE2:
  70:Core/Src/usart.c **** 
 158              		.loc 1 70 5 view .LVU37
  72:Core/Src/usart.c ****     /**USART1 GPIO Configuration
 159              		.loc 1 72 5 view .LVU38
 160              	.LBB3:
  72:Core/Src/usart.c ****     /**USART1 GPIO Configuration
 161              		.loc 1 72 5 view .LVU39
  72:Core/Src/usart.c ****     /**USART1 GPIO Configuration
 162              		.loc 1 72 5 view .LVU40
 163 0032 9A69     		ldr	r2, [r3, #24]
 164 0034 42F00802 		orr	r2, r2, #8
 165 0038 9A61     		str	r2, [r3, #24]
ARM GAS  C:\Users\Dennis\AppData\Local\Temp\cconDSTZ.s 			page 6


  72:Core/Src/usart.c ****     /**USART1 GPIO Configuration
 166              		.loc 1 72 5 view .LVU41
 167 003a 9B69     		ldr	r3, [r3, #24]
 168 003c 03F00803 		and	r3, r3, #8
 169 0040 0193     		str	r3, [sp, #4]
  72:Core/Src/usart.c ****     /**USART1 GPIO Configuration
 170              		.loc 1 72 5 view .LVU42
 171 0042 019B     		ldr	r3, [sp, #4]
 172              	.LBE3:
  72:Core/Src/usart.c ****     /**USART1 GPIO Configuration
 173              		.loc 1 72 5 view .LVU43
  77:Core/Src/usart.c ****     GPIO_InitStruct.Mode = GPIO_MODE_AF_PP;
 174              		.loc 1 77 5 view .LVU44
  77:Core/Src/usart.c ****     GPIO_InitStruct.Mode = GPIO_MODE_AF_PP;
 175              		.loc 1 77 25 is_stmt 0 view .LVU45
 176 0044 4023     		movs	r3, #64
 177 0046 0293     		str	r3, [sp, #8]
  78:Core/Src/usart.c ****     GPIO_InitStruct.Speed = GPIO_SPEED_FREQ_HIGH;
 178              		.loc 1 78 5 is_stmt 1 view .LVU46
  78:Core/Src/usart.c ****     GPIO_InitStruct.Speed = GPIO_SPEED_FREQ_HIGH;
 179              		.loc 1 78 26 is_stmt 0 view .LVU47
 180 0048 0223     		movs	r3, #2
 181 004a 0393     		str	r3, [sp, #12]
  79:Core/Src/usart.c ****     HAL_GPIO_Init(GPIOB, &GPIO_InitStruct);
 182              		.loc 1 79 5 is_stmt 1 view .LVU48
  79:Core/Src/usart.c ****     HAL_GPIO_Init(GPIOB, &GPIO_InitStruct);
 183              		.loc 1 79 27 is_stmt 0 view .LVU49
 184 004c 0323     		movs	r3, #3
 185 004e 0593     		str	r3, [sp, #20]
  80:Core/Src/usart.c **** 
 186              		.loc 1 80 5 is_stmt 1 view .LVU50
 187 0050 194F     		ldr	r7, .L13+4
 188 0052 02A9     		add	r1, sp, #8
 189 0054 3846     		mov	r0, r7
 190              	.LVL5:
  80:Core/Src/usart.c **** 
 191              		.loc 1 80 5 is_stmt 0 view .LVU51
 192 0056 FFF7FEFF 		bl	HAL_GPIO_Init
 193              	.LVL6:
  82:Core/Src/usart.c ****     GPIO_InitStruct.Mode = GPIO_MODE_INPUT;
 194              		.loc 1 82 5 is_stmt 1 view .LVU52
  82:Core/Src/usart.c ****     GPIO_InitStruct.Mode = GPIO_MODE_INPUT;
 195              		.loc 1 82 25 is_stmt 0 view .LVU53
 196 005a 8026     		movs	r6, #128
 197 005c 0296     		str	r6, [sp, #8]
  83:Core/Src/usart.c ****     GPIO_InitStruct.Pull = GPIO_NOPULL;
 198              		.loc 1 83 5 is_stmt 1 view .LVU54
  83:Core/Src/usart.c ****     GPIO_InitStruct.Pull = GPIO_NOPULL;
 199              		.loc 1 83 26 is_stmt 0 view .LVU55
 200 005e 0025     		movs	r5, #0
 201 0060 0395     		str	r5, [sp, #12]
  84:Core/Src/usart.c ****     HAL_GPIO_Init(GPIOB, &GPIO_InitStruct);
 202              		.loc 1 84 5 is_stmt 1 view .LVU56
  84:Core/Src/usart.c ****     HAL_GPIO_Init(GPIOB, &GPIO_InitStruct);
 203              		.loc 1 84 26 is_stmt 0 view .LVU57
 204 0062 0495     		str	r5, [sp, #16]
  85:Core/Src/usart.c **** 
ARM GAS  C:\Users\Dennis\AppData\Local\Temp\cconDSTZ.s 			page 7


 205              		.loc 1 85 5 is_stmt 1 view .LVU58
 206 0064 02A9     		add	r1, sp, #8
 207 0066 3846     		mov	r0, r7
 208 0068 FFF7FEFF 		bl	HAL_GPIO_Init
 209              	.LVL7:
  87:Core/Src/usart.c **** 
 210              		.loc 1 87 5 view .LVU59
 211              	.LBB4:
  87:Core/Src/usart.c **** 
 212              		.loc 1 87 5 view .LVU60
 213 006c 134A     		ldr	r2, .L13+8
 214 006e 5368     		ldr	r3, [r2, #4]
 215              	.LVL8:
  87:Core/Src/usart.c **** 
 216              		.loc 1 87 5 view .LVU61
  87:Core/Src/usart.c **** 
 217              		.loc 1 87 5 view .LVU62
 218 0070 43F0E063 		orr	r3, r3, #117440512
 219              	.LVL9:
  87:Core/Src/usart.c **** 
 220              		.loc 1 87 5 is_stmt 0 view .LVU63
 221 0074 43F00403 		orr	r3, r3, #4
 222              	.LVL10:
  87:Core/Src/usart.c **** 
 223              		.loc 1 87 5 is_stmt 1 view .LVU64
 224 0078 5360     		str	r3, [r2, #4]
 225              	.LBE4:
  87:Core/Src/usart.c **** 
 226              		.loc 1 87 5 view .LVU65
  91:Core/Src/usart.c ****     hdma_usart1_rx.Init.Direction = DMA_PERIPH_TO_MEMORY;
 227              		.loc 1 91 5 view .LVU66
  91:Core/Src/usart.c ****     hdma_usart1_rx.Init.Direction = DMA_PERIPH_TO_MEMORY;
 228              		.loc 1 91 29 is_stmt 0 view .LVU67
 229 007a 1148     		ldr	r0, .L13+12
 230 007c 114B     		ldr	r3, .L13+16
 231              	.LVL11:
  91:Core/Src/usart.c ****     hdma_usart1_rx.Init.Direction = DMA_PERIPH_TO_MEMORY;
 232              		.loc 1 91 29 view .LVU68
 233 007e 0360     		str	r3, [r0]
 234              	.LVL12:
  92:Core/Src/usart.c ****     hdma_usart1_rx.Init.PeriphInc = DMA_PINC_DISABLE;
 235              		.loc 1 92 5 is_stmt 1 view .LVU69
  92:Core/Src/usart.c ****     hdma_usart1_rx.Init.PeriphInc = DMA_PINC_DISABLE;
 236              		.loc 1 92 35 is_stmt 0 view .LVU70
 237 0080 4560     		str	r5, [r0, #4]
  93:Core/Src/usart.c ****     hdma_usart1_rx.Init.MemInc = DMA_MINC_ENABLE;
 238              		.loc 1 93 5 is_stmt 1 view .LVU71
  93:Core/Src/usart.c ****     hdma_usart1_rx.Init.MemInc = DMA_MINC_ENABLE;
 239              		.loc 1 93 35 is_stmt 0 view .LVU72
 240 0082 8560     		str	r5, [r0, #8]
  94:Core/Src/usart.c ****     hdma_usart1_rx.Init.PeriphDataAlignment = DMA_PDATAALIGN_BYTE;
 241              		.loc 1 94 5 is_stmt 1 view .LVU73
  94:Core/Src/usart.c ****     hdma_usart1_rx.Init.PeriphDataAlignment = DMA_PDATAALIGN_BYTE;
 242              		.loc 1 94 32 is_stmt 0 view .LVU74
 243 0084 C660     		str	r6, [r0, #12]
  95:Core/Src/usart.c ****     hdma_usart1_rx.Init.MemDataAlignment = DMA_MDATAALIGN_BYTE;
 244              		.loc 1 95 5 is_stmt 1 view .LVU75
ARM GAS  C:\Users\Dennis\AppData\Local\Temp\cconDSTZ.s 			page 8


  95:Core/Src/usart.c ****     hdma_usart1_rx.Init.MemDataAlignment = DMA_MDATAALIGN_BYTE;
 245              		.loc 1 95 45 is_stmt 0 view .LVU76
 246 0086 0561     		str	r5, [r0, #16]
  96:Core/Src/usart.c ****     hdma_usart1_rx.Init.Mode = DMA_NORMAL;
 247              		.loc 1 96 5 is_stmt 1 view .LVU77
  96:Core/Src/usart.c ****     hdma_usart1_rx.Init.Mode = DMA_NORMAL;
 248              		.loc 1 96 42 is_stmt 0 view .LVU78
 249 0088 4561     		str	r5, [r0, #20]
  97:Core/Src/usart.c ****     hdma_usart1_rx.Init.Priority = DMA_PRIORITY_LOW;
 250              		.loc 1 97 5 is_stmt 1 view .LVU79
  97:Core/Src/usart.c ****     hdma_usart1_rx.Init.Priority = DMA_PRIORITY_LOW;
 251              		.loc 1 97 30 is_stmt 0 view .LVU80
 252 008a 8561     		str	r5, [r0, #24]
  98:Core/Src/usart.c ****     if (HAL_DMA_Init(&hdma_usart1_rx) != HAL_OK)
 253              		.loc 1 98 5 is_stmt 1 view .LVU81
  98:Core/Src/usart.c ****     if (HAL_DMA_Init(&hdma_usart1_rx) != HAL_OK)
 254              		.loc 1 98 34 is_stmt 0 view .LVU82
 255 008c C561     		str	r5, [r0, #28]
  99:Core/Src/usart.c ****     {
 256              		.loc 1 99 5 is_stmt 1 view .LVU83
  99:Core/Src/usart.c ****     {
 257              		.loc 1 99 9 is_stmt 0 view .LVU84
 258 008e FFF7FEFF 		bl	HAL_DMA_Init
 259              	.LVL13:
  99:Core/Src/usart.c ****     {
 260              		.loc 1 99 8 view .LVU85
 261 0092 58B9     		cbnz	r0, .L12
 262              	.L9:
 104:Core/Src/usart.c **** 
 263              		.loc 1 104 5 is_stmt 1 view .LVU86
 104:Core/Src/usart.c **** 
 264              		.loc 1 104 5 view .LVU87
 265 0094 0A4B     		ldr	r3, .L13+12
 266 0096 E363     		str	r3, [r4, #60]
 104:Core/Src/usart.c **** 
 267              		.loc 1 104 5 view .LVU88
 268 0098 5C62     		str	r4, [r3, #36]
 104:Core/Src/usart.c **** 
 269              		.loc 1 104 5 view .LVU89
 107:Core/Src/usart.c ****     HAL_NVIC_EnableIRQ(USART1_IRQn);
 270              		.loc 1 107 5 view .LVU90
 271 009a 0022     		movs	r2, #0
 272 009c 1146     		mov	r1, r2
 273 009e 2520     		movs	r0, #37
 274 00a0 FFF7FEFF 		bl	HAL_NVIC_SetPriority
 275              	.LVL14:
 108:Core/Src/usart.c ****   /* USER CODE BEGIN USART1_MspInit 1 */
 276              		.loc 1 108 5 view .LVU91
 277 00a4 2520     		movs	r0, #37
 278 00a6 FFF7FEFF 		bl	HAL_NVIC_EnableIRQ
 279              	.LVL15:
 280              		.loc 1 113 1 is_stmt 0 view .LVU92
 281 00aa B4E7     		b	.L7
 282              	.L12:
 101:Core/Src/usart.c ****     }
 283              		.loc 1 101 7 is_stmt 1 view .LVU93
 284 00ac FFF7FEFF 		bl	Error_Handler
ARM GAS  C:\Users\Dennis\AppData\Local\Temp\cconDSTZ.s 			page 9


 285              	.LVL16:
 286 00b0 F0E7     		b	.L9
 287              	.L14:
 288 00b2 00BF     		.align	2
 289              	.L13:
 290 00b4 00380140 		.word	1073821696
 291 00b8 000C0140 		.word	1073810432
 292 00bc 00000140 		.word	1073807360
 293 00c0 00000000 		.word	.LANCHOR1
 294 00c4 58000240 		.word	1073872984
 295              		.cfi_endproc
 296              	.LFE66:
 298              		.section	.text.HAL_UART_MspDeInit,"ax",%progbits
 299              		.align	1
 300              		.global	HAL_UART_MspDeInit
 301              		.syntax unified
 302              		.thumb
 303              		.thumb_func
 305              	HAL_UART_MspDeInit:
 306              	.LVL17:
 307              	.LFB67:
 114:Core/Src/usart.c **** 
 115:Core/Src/usart.c **** void HAL_UART_MspDeInit(UART_HandleTypeDef* uartHandle)
 116:Core/Src/usart.c **** {
 308              		.loc 1 116 1 view -0
 309              		.cfi_startproc
 310              		@ args = 0, pretend = 0, frame = 0
 311              		@ frame_needed = 0, uses_anonymous_args = 0
 117:Core/Src/usart.c **** 
 118:Core/Src/usart.c ****   if(uartHandle->Instance==USART1)
 312              		.loc 1 118 3 view .LVU95
 313              		.loc 1 118 16 is_stmt 0 view .LVU96
 314 0000 0268     		ldr	r2, [r0]
 315              		.loc 1 118 5 view .LVU97
 316 0002 0B4B     		ldr	r3, .L22
 317 0004 9A42     		cmp	r2, r3
 318 0006 00D0     		beq	.L21
 319 0008 7047     		bx	lr
 320              	.L21:
 116:Core/Src/usart.c **** 
 321              		.loc 1 116 1 view .LVU98
 322 000a 10B5     		push	{r4, lr}
 323              	.LCFI5:
 324              		.cfi_def_cfa_offset 8
 325              		.cfi_offset 4, -8
 326              		.cfi_offset 14, -4
 327 000c 0446     		mov	r4, r0
 119:Core/Src/usart.c ****   {
 120:Core/Src/usart.c ****   /* USER CODE BEGIN USART1_MspDeInit 0 */
 121:Core/Src/usart.c **** 
 122:Core/Src/usart.c ****   /* USER CODE END USART1_MspDeInit 0 */
 123:Core/Src/usart.c ****     /* Peripheral clock disable */
 124:Core/Src/usart.c ****     __HAL_RCC_USART1_CLK_DISABLE();
 328              		.loc 1 124 5 is_stmt 1 view .LVU99
 329 000e 094A     		ldr	r2, .L22+4
 330 0010 9369     		ldr	r3, [r2, #24]
 331 0012 23F48043 		bic	r3, r3, #16384
ARM GAS  C:\Users\Dennis\AppData\Local\Temp\cconDSTZ.s 			page 10


 332 0016 9361     		str	r3, [r2, #24]
 125:Core/Src/usart.c **** 
 126:Core/Src/usart.c ****     /**USART1 GPIO Configuration
 127:Core/Src/usart.c ****     PB6     ------> USART1_TX
 128:Core/Src/usart.c ****     PB7     ------> USART1_RX
 129:Core/Src/usart.c ****     */
 130:Core/Src/usart.c ****     HAL_GPIO_DeInit(GPIOB, GPIO_PIN_6|GPIO_PIN_7);
 333              		.loc 1 130 5 view .LVU100
 334 0018 C021     		movs	r1, #192
 335 001a 0748     		ldr	r0, .L22+8
 336              	.LVL18:
 337              		.loc 1 130 5 is_stmt 0 view .LVU101
 338 001c FFF7FEFF 		bl	HAL_GPIO_DeInit
 339              	.LVL19:
 131:Core/Src/usart.c **** 
 132:Core/Src/usart.c ****     /* USART1 DMA DeInit */
 133:Core/Src/usart.c ****     HAL_DMA_DeInit(uartHandle->hdmarx);
 340              		.loc 1 133 5 is_stmt 1 view .LVU102
 341 0020 E06B     		ldr	r0, [r4, #60]
 342 0022 FFF7FEFF 		bl	HAL_DMA_DeInit
 343              	.LVL20:
 134:Core/Src/usart.c **** 
 135:Core/Src/usart.c ****     /* USART1 interrupt Deinit */
 136:Core/Src/usart.c ****     HAL_NVIC_DisableIRQ(USART1_IRQn);
 344              		.loc 1 136 5 view .LVU103
 345 0026 2520     		movs	r0, #37
 346 0028 FFF7FEFF 		bl	HAL_NVIC_DisableIRQ
 347              	.LVL21:
 137:Core/Src/usart.c ****   /* USER CODE BEGIN USART1_MspDeInit 1 */
 138:Core/Src/usart.c **** 
 139:Core/Src/usart.c ****   /* USER CODE END USART1_MspDeInit 1 */
 140:Core/Src/usart.c ****   }
 141:Core/Src/usart.c **** }
 348              		.loc 1 141 1 is_stmt 0 view .LVU104
 349 002c 10BD     		pop	{r4, pc}
 350              	.LVL22:
 351              	.L23:
 352              		.loc 1 141 1 view .LVU105
 353 002e 00BF     		.align	2
 354              	.L22:
 355 0030 00380140 		.word	1073821696
 356 0034 00100240 		.word	1073876992
 357 0038 000C0140 		.word	1073810432
 358              		.cfi_endproc
 359              	.LFE67:
 361              		.global	hdma_usart1_rx
 362              		.global	huart1
 363              		.section	.bss.hdma_usart1_rx,"aw",%nobits
 364              		.align	2
 365              		.set	.LANCHOR1,. + 0
 368              	hdma_usart1_rx:
 369 0000 00000000 		.space	68
 369      00000000 
 369      00000000 
 369      00000000 
 369      00000000 
 370              		.section	.bss.huart1,"aw",%nobits
ARM GAS  C:\Users\Dennis\AppData\Local\Temp\cconDSTZ.s 			page 11


 371              		.align	2
 372              		.set	.LANCHOR0,. + 0
 375              	huart1:
 376 0000 00000000 		.space	72
 376      00000000 
 376      00000000 
 376      00000000 
 376      00000000 
 377              		.text
 378              	.Letext0:
 379              		.file 2 "c:\\software_user\\armgcc\\arm-none-eabi\\include\\machine\\_default_types.h"
 380              		.file 3 "c:\\software_user\\armgcc\\arm-none-eabi\\include\\sys\\_stdint.h"
 381              		.file 4 "Drivers/CMSIS/Device/ST/STM32F1xx/Include/stm32f103xb.h"
 382              		.file 5 "Drivers/STM32F1xx_HAL_Driver/Inc/stm32f1xx_hal_def.h"
 383              		.file 6 "Drivers/STM32F1xx_HAL_Driver/Inc/stm32f1xx_hal_gpio.h"
 384              		.file 7 "Drivers/STM32F1xx_HAL_Driver/Inc/stm32f1xx_hal_dma.h"
 385              		.file 8 "Drivers/STM32F1xx_HAL_Driver/Inc/stm32f1xx_hal_uart.h"
 386              		.file 9 "Core/Inc/usart.h"
 387              		.file 10 "Drivers/STM32F1xx_HAL_Driver/Inc/stm32f1xx_hal_cortex.h"
 388              		.file 11 "Core/Inc/main.h"
ARM GAS  C:\Users\Dennis\AppData\Local\Temp\cconDSTZ.s 			page 12


DEFINED SYMBOLS
                            *ABS*:00000000 usart.c
C:\Users\Dennis\AppData\Local\Temp\cconDSTZ.s:18     .text.MX_USART1_UART_Init:00000000 $t
C:\Users\Dennis\AppData\Local\Temp\cconDSTZ.s:24     .text.MX_USART1_UART_Init:00000000 MX_USART1_UART_Init
C:\Users\Dennis\AppData\Local\Temp\cconDSTZ.s:83     .text.MX_USART1_UART_Init:0000002c $d
C:\Users\Dennis\AppData\Local\Temp\cconDSTZ.s:89     .text.HAL_UART_MspInit:00000000 $t
C:\Users\Dennis\AppData\Local\Temp\cconDSTZ.s:95     .text.HAL_UART_MspInit:00000000 HAL_UART_MspInit
C:\Users\Dennis\AppData\Local\Temp\cconDSTZ.s:290    .text.HAL_UART_MspInit:000000b4 $d
C:\Users\Dennis\AppData\Local\Temp\cconDSTZ.s:299    .text.HAL_UART_MspDeInit:00000000 $t
C:\Users\Dennis\AppData\Local\Temp\cconDSTZ.s:305    .text.HAL_UART_MspDeInit:00000000 HAL_UART_MspDeInit
C:\Users\Dennis\AppData\Local\Temp\cconDSTZ.s:355    .text.HAL_UART_MspDeInit:00000030 $d
C:\Users\Dennis\AppData\Local\Temp\cconDSTZ.s:368    .bss.hdma_usart1_rx:00000000 hdma_usart1_rx
C:\Users\Dennis\AppData\Local\Temp\cconDSTZ.s:375    .bss.huart1:00000000 huart1
C:\Users\Dennis\AppData\Local\Temp\cconDSTZ.s:364    .bss.hdma_usart1_rx:00000000 $d
C:\Users\Dennis\AppData\Local\Temp\cconDSTZ.s:371    .bss.huart1:00000000 $d

UNDEFINED SYMBOLS
HAL_UART_Init
Error_Handler
HAL_GPIO_Init
HAL_DMA_Init
HAL_NVIC_SetPriority
HAL_NVIC_EnableIRQ
HAL_GPIO_DeInit
HAL_DMA_DeInit
HAL_NVIC_DisableIRQ
